0 info it worked if it ends with ok
1 verbose cli [ 'C:\\Program Files\\nodejs\\node.exe',
1 verbose cli   'C:\\Program Files\\nodejs\\node_modules\\npm\\bin\\npm-cli.js',
1 verbose cli   'start' ]
2 info using npm@3.6.0
3 info using node@v5.6.0
4 verbose run-script [ 'prestart', 'start', 'poststart' ]
5 info lifecycle my_actionhero_project@0.0.1~prestart: my_actionhero_project@0.0.1
6 silly lifecycle my_actionhero_project@0.0.1~prestart: no script for prestart, continuing
7 info lifecycle my_actionhero_project@0.0.1~start: my_actionhero_project@0.0.1
8 verbose lifecycle my_actionhero_project@0.0.1~start: unsafe-perm in lifecycle true
9 verbose lifecycle my_actionhero_project@0.0.1~start: PATH: C:\Users\kglick\AppData\Roaming\nvm\v5.6.0\node_modules\npm\bin\node-gyp-bin;C:\Users\kglick\Development\Node\ActionHeroTest\node_modules\.bin;C:\Python27\;C:\Python27\Scripts;C:\ProgramData\Oracle\Java\javapath;C:\Program Files (x86)\Intel\iCLS Client\;C:\Program Files\Intel\iCLS Client\;C:\Windows\system32;C:\Windows;C:\Windows\System32\Wbem;C:\Windows\System32\WindowsPowerShell\v1.0\;C:\Program Files (x86)\NVIDIA Corporation\PhysX\Common;C:\Program Files (x86)\Intel\Intel(R) Management Engine Components\DAL;C:\Program Files\Intel\Intel(R) Management Engine Components\DAL;C:\Program Files (x86)\Intel\Intel(R) Management Engine Components\IPT;C:\Program Files\Intel\Intel(R) Management Engine Components\IPT;C:\Program Files\Intel\WiFi\bin\;C:\Program Files\Common Files\Intel\WirelessCommon\;C:\WINDOWS\system32;C:\WINDOWS;C:\WINDOWS\System32\Wbem;C:\WINDOWS\System32\WindowsPowerShell\v1.0\;C:\Program Files (x86)\Skype\Phone\;C:\Program Files\Git\cmd;C:\Program Files\Git\mingw64\bin;C:\Program Files\Git\usr\bin;C:\Program Files\TortoiseGit\bin;C:\Program Files\RabbitMQ Server\rabbitmq_server-3.6.0\sbin;C:\Program Files\Microsoft SQL Server\120\Tools\Binn\;C:\Program Files (x86)\Windows Kits\10\Windows Performance Toolkit\;C:\Program Files\Microsoft SQL Server\120\DTS\Binn\;C:\Program Files\Microsoft SQL Server\Client SDK\ODBC\110\Tools\Binn\;C:\Program Files (x86)\Microsoft SQL Server\120\Tools\Binn\;C:\Program Files (x86)\Microsoft SQL Server\120\Tools\Binn\ManagementStudio\;C:\Program Files (x86)\Microsoft SQL Server\120\DTS\Binn\;C:\Users\kglick\AppData\Roaming\nvm;C:\Program Files\nodejs;C:\Users\kglick\AppData\Roaming\npm;C:\Program Files\RabbitMQ Server\rabbitmq_server-3.6.0\sbin;C:\Users\kglick\AppData\Roaming\nvm;C:\Program Files\nodejs;
10 verbose lifecycle my_actionhero_project@0.0.1~start: CWD: C:\Users\kglick\Development\Node\ActionHeroTest
11 silly lifecycle my_actionhero_project@0.0.1~start: Args: [ '/d /s /c',
11 silly lifecycle   'node ./node_modules/actionhero/bin/actionhero start' ]
12 silly lifecycle my_actionhero_project@0.0.1~start: Returned: code: 1  signal: null
13 info lifecycle my_actionhero_project@0.0.1~start: Failed to exec start script
14 verbose stack Error: my_actionhero_project@0.0.1 start: `node ./node_modules/actionhero/bin/actionhero start`
14 verbose stack Exit status 1
14 verbose stack     at EventEmitter.<anonymous> (C:\Users\kglick\AppData\Roaming\nvm\v5.6.0\node_modules\npm\lib\utils\lifecycle.js:232:16)
14 verbose stack     at emitTwo (events.js:100:13)
14 verbose stack     at EventEmitter.emit (events.js:185:7)
14 verbose stack     at ChildProcess.<anonymous> (C:\Users\kglick\AppData\Roaming\nvm\v5.6.0\node_modules\npm\lib\utils\spawn.js:24:14)
14 verbose stack     at emitTwo (events.js:100:13)
14 verbose stack     at ChildProcess.emit (events.js:185:7)
14 verbose stack     at maybeClose (internal/child_process.js:827:16)
14 verbose stack     at Process.ChildProcess._handle.onexit (internal/child_process.js:211:5)
15 verbose pkgid my_actionhero_project@0.0.1
16 verbose cwd C:\Users\kglick\Development\Node\ActionHeroTest
17 error Windows_NT 10.0.10586
18 error argv "C:\\Program Files\\nodejs\\node.exe" "C:\\Program Files\\nodejs\\node_modules\\npm\\bin\\npm-cli.js" "start"
19 error node v5.6.0
20 error npm  v3.6.0
21 error code ELIFECYCLE
22 error my_actionhero_project@0.0.1 start: `node ./node_modules/actionhero/bin/actionhero start`
22 error Exit status 1
23 error Failed at the my_actionhero_project@0.0.1 start script 'node ./node_modules/actionhero/bin/actionhero start'.
23 error Make sure you have the latest version of node.js and npm installed.
23 error If you do, this is most likely a problem with the my_actionhero_project package,
23 error not with npm itself.
23 error Tell the author that this fails on your system:
23 error     node ./node_modules/actionhero/bin/actionhero start
23 error You can get information on how to open an issue for this project with:
23 error     npm bugs my_actionhero_project
23 error Or if that isn't available, you can get their info via:
23 error     npm owner ls my_actionhero_project
23 error There is likely additional logging output above.
24 verbose exit [ 1, true ]
